  dllmain.cpp
D:\Projects\directory_opus_firy_plugin\dllmain.cpp(76,38): error C2061:  syntax error: identifier 'cADFPluginData'
D:\Projects\directory_opus_firy_plugin\dllmain.cpp(80,13): error C2065:  'cADFPluginData': undeclared identifier
D:\Projects\directory_opus_firy_plugin\dllmain.cpp(80,28): error C2059:  syntax error: ')'
D:\Projects\directory_opus_firy_plugin\dllmain.cpp(84,24): error C2065:  'cADFPluginData': undeclared identifier
D:\Projects\directory_opus_firy_plugin\dllmain.cpp(84,39): error C2059:  syntax error: ')'
D:\Projects\directory_opus_firy_plugin\dllmain.cpp(89,7): error C2065:  'cADFPluginData': undeclared identifier
D:\Projects\directory_opus_firy_plugin\dllmain.cpp(89,22): error C2059:  syntax error: ')'
D:\Projects\directory_opus_firy_plugin\dllmain.cpp(93,24): error C2065:  'cADFPluginData': undeclared identifier
D:\Projects\directory_opus_firy_plugin\dllmain.cpp(93,39): error C2059:  syntax error: ')'
D:\Projects\directory_opus_firy_plugin\dllmain.cpp(98,24): error C2065:  'cADFPluginData': undeclared identifier
D:\Projects\directory_opus_firy_plugin\dllmain.cpp(98,39): error C2059:  syntax error: ')'
D:\Projects\directory_opus_firy_plugin\dllmain.cpp(103,24): error C2065:  'cADFPluginData': undeclared identifier
D:\Projects\directory_opus_firy_plugin\dllmain.cpp(103,39): error C2059:  syntax error: ')'
D:\Projects\directory_opus_firy_plugin\dllmain.cpp(107,24): error C2065:  'cADFPluginData': undeclared identifier
D:\Projects\directory_opus_firy_plugin\dllmain.cpp(107,39): error C2059:  syntax error: ')'
D:\Projects\directory_opus_firy_plugin\dllmain.cpp(112,24): error C2065:  'cADFPluginData': undeclared identifier
D:\Projects\directory_opus_firy_plugin\dllmain.cpp(112,39): error C2059:  syntax error: ')'
D:\Projects\directory_opus_firy_plugin\dllmain.cpp(121,35): error C2065:  'cADFPluginData': undeclared identifier
D:\Projects\directory_opus_firy_plugin\dllmain.cpp(121,50): error C2059:  syntax error: ')'
D:\Projects\directory_opus_firy_plugin\dllmain.cpp(124,31): error C2065:  'cADFPluginData': undeclared identifier
D:\Projects\directory_opus_firy_plugin\dllmain.cpp(124,46): error C2059:  syntax error: ')'
D:\Projects\directory_opus_firy_plugin\dllmain.cpp(127,27): error C2065:  'cADFPluginData': undeclared identifier
D:\Projects\directory_opus_firy_plugin\dllmain.cpp(127,42): error C2059:  syntax error: ')'
D:\Projects\directory_opus_firy_plugin\dllmain.cpp(134,32): error C2065:  'cADFPluginData': undeclared identifier
D:\Projects\directory_opus_firy_plugin\dllmain.cpp(134,47): error C2059:  syntax error: ')'
D:\Projects\directory_opus_firy_plugin\dllmain.cpp(138,33): error C2065:  'cADFPluginData': undeclared identifier
D:\Projects\directory_opus_firy_plugin\dllmain.cpp(138,48): error C2059:  syntax error: ')'
D:\Projects\directory_opus_firy_plugin\dllmain.cpp(142,27): error C2065:  'cADFPluginData': undeclared identifier
  stdafx.cpp
  Generating Code...
D:\Projects\directory_opus_firy_plugin\dllmain.cpp(142,42): error C2059:  syntax error: ')'
